<?xml version="1.0" encoding="UTF-8"?>
<!-- Generated by org.testng.reporters.JUnitReportReporter -->
<testsuite hostname="LAPTOP-A395VRTB" failures="0" tests="3" name="testng.Test1" time="0.010" errors="0" timestamp="2021-12-01T09:22:48 IST" skipped="0">
  <testcase classname="testng.Test1" name="chats" time="0.008"/>
  <system-out>
    <![CDATA[chats]]>
  </system-out>
  <testcase classname="testng.Test1" name="calls" time="0.001"/>
  <system-out>
    <![CDATA[Calls]]>
  </system-out>
  <testcase classname="testng.Test1" name="settings" time="0.001"/>
  <system-out>
    <![CDATA[settings]]>
  </system-out>
</testsuite> <!-- testng.Test1 -->
