<?xml version="1.0" encoding="UTF-8"?>
<!-- Generated by org.testng.reporters.JUnitReportReporter -->
<testsuite hostname="LAPTOP-A395VRTB" failures="0" tests="1" name="testng.Test0" time="0.006" errors="0" timestamp="2021-12-03T08:40:23 IST" skipped="0">
  <testcase classname="testng.Test0" name="demo" time="0.006"/>
  <system-out>
    <![CDATA[hello selenium
hello java]]>
  </system-out>
</testsuite> <!-- testng.Test0 -->
