<?xml version="1.0" encoding="UTF-8"?>
<!-- Generated by org.testng.reporters.JUnitReportReporter -->
<testsuite hostname="LAPTOP-A395VRTB" failures="0" tests="5" name="testng.Test2" time="0.012" errors="0" timestamp="2021-12-01T09:44:39 IST" skipped="1">
  <testcase classname="testng.Test2" name="run" time="0.008"/>
  <system-out>
    <![CDATA[running]]>
  </system-out>
  <testcase classname="testng.Test2" name="walk" time="0.001"/>
  <system-out>
    <![CDATA[walking]]>
  </system-out>
  <testcase classname="testng.Test2" name="walk" time="0.001"/>
  <system-out>
    <![CDATA[walking]]>
  </system-out>
  <testcase classname="testng.Test2" name="walk" time="0.002"/>
  <system-out>
    <![CDATA[walking]]>
  </system-out>
  <testcase classname="testng.Test2" name="swim">
    <skipped/>
  </testcase> <!-- swim -->
  <system-out/>
</testsuite> <!-- testng.Test2 -->
